2024-02-25 01:18:03,624 [ERROR] LogOutputStream:75 - [STDERR_REDIRECT] 
2024-02-25 08:02:52,335 [INFO] Activator:176 - 


2024-02-25 08:02:52,336 [INFO] Activator:177 - !SESSION log4j initialized
2024-02-25 08:02:56,926 [INFO] LogOutputStream:77 - [STDOUT_REDIRECT] 
2024-02-25 08:02:59,406 [INFO] ApplicationProperties:184 - Using Application install path: C:\ST\STM32CubeIDE_1.14.0\STM32CubeIDE\plugins\com.st.stm32cube.common.mx_6.10.0.202311202037
2024-02-25 08:02:59,422 [INFO] DbMcusXml:78 - Set database path to: C:\ST\STM32CubeIDE_1.14.0\STM32CubeIDE\plugins\com.st.stm32cube.common.mx_6.10.0.202311202037\\db\/mcu/
2024-02-25 08:02:59,422 [INFO] ApiDb:274 - Set plugin database path to: C:\ST\STM32CubeIDE_1.14.0\STM32CubeIDE\plugins\com.st.stm32cube.common.mx_6.10.0.202311202037\\db\/plugins/boardmanager/
2024-02-25 08:02:59,422 [WARN] ApiDb:259 - Overriding images path with different value:  => C:\ST\STM32CubeIDE_1.14.0\STM32CubeIDE\plugins\com.st.stm32cube.common.mx_6.10.0.202311202037\\db\/plugins/mcufinder/images/
2024-02-25 08:02:59,436 [INFO] ApiDb:250 - Set database path to: C:\Users\rkdgu\.stmcufinder\plugins\mcufinder//mcu/
2024-02-25 08:02:59,437 [INFO] DbMcusAds:125 - Set database path to: C:\Users\rkdgu\.stmcufinder\plugins\mcufinder//mcu/
2024-02-25 08:02:59,439 [INFO] CrossReferenceDbSqlite:203 - Set database path to: C:\Users\rkdgu\.stmcufinder\plugins\mcufinder//mcu/cs/
2024-02-25 08:02:59,532 [INFO] RulesReader:64 - Compatibility file has been processed (297 Rules)
2024-02-25 08:02:59,606 [INFO] DbMcusXml:78 - Set database path to: C:\ST\STM32CubeIDE_1.14.0\STM32CubeIDE\plugins\com.st.stm32cube.common.mx_6.10.0.202311202037\\db\/mcu/
2024-02-25 08:02:59,606 [INFO] ApiDb:274 - Set plugin database path to: C:\ST\STM32CubeIDE_1.14.0\STM32CubeIDE\plugins\com.st.stm32cube.common.mx_6.10.0.202311202037\\db\/plugins/boardmanager/
2024-02-25 08:02:59,606 [INFO] ApiDb:261 - Set plugin images path to: C:\ST\STM32CubeIDE_1.14.0\STM32CubeIDE\plugins\com.st.stm32cube.common.mx_6.10.0.202311202037\\db\/plugins/mcufinder/images/
2024-02-25 08:02:59,607 [WARN] DbFile:41 - Overriding database path with different value: C:\Users\rkdgu\.stmcufinder\plugins\mcufinder/ => C:\Users\rkdgu\.stmcufinder\plugins\mcufinder
2024-02-25 08:02:59,607 [INFO] ApiDb:250 - Set database path to: C:\Users\rkdgu\.stmcufinder\plugins\mcufinder//mcu/
2024-02-25 08:02:59,607 [WARN] DbFile:41 - Overriding database path with different value: C:\Users\rkdgu\.stmcufinder\plugins\mcufinder/ => C:\Users\rkdgu\.stmcufinder\plugins\mcufinder
2024-02-25 08:02:59,607 [INFO] DbMcusAds:125 - Set database path to: C:\Users\rkdgu\.stmcufinder\plugins\mcufinder//mcu/
2024-02-25 08:02:59,607 [WARN] DbFile:41 - Overriding database path with different value: C:\Users\rkdgu\.stmcufinder\plugins\mcufinder/ => C:\Users\rkdgu\.stmcufinder\plugins\mcufinder
2024-02-25 08:02:59,607 [WARN] DbFile:41 - Overriding database path with different value: C:\Users\rkdgu\.stmcufinder\plugins\mcufinder/ => C:\Users\rkdgu\.stmcufinder\plugins\mcufinder
2024-02-25 08:02:59,607 [INFO] CrossReferenceDbSqlite:203 - Set database path to: C:\Users\rkdgu\.stmcufinder\plugins\mcufinder//mcu/cs/
2024-02-25 08:02:59,668 [INFO] MainPanel:264 - HeapMemory: 268435456
2024-02-25 08:02:59,746 [INFO] DbMcusXml:78 - Set database path to: C:\ST\STM32CubeIDE_1.14.0\STM32CubeIDE\plugins\com.st.stm32cube.common.mx_6.10.0.202311202037\\db\/mcu/
2024-02-25 08:02:59,746 [INFO] ApiDb:274 - Set plugin database path to: C:\ST\STM32CubeIDE_1.14.0\STM32CubeIDE\plugins\com.st.stm32cube.common.mx_6.10.0.202311202037\\db\/plugins/boardmanager/
2024-02-25 08:02:59,746 [INFO] ApiDb:261 - Set plugin images path to: C:\ST\STM32CubeIDE_1.14.0\STM32CubeIDE\plugins\com.st.stm32cube.common.mx_6.10.0.202311202037\\db\/plugins/mcufinder/images/
2024-02-25 08:02:59,746 [WARN] DbFile:41 - Overriding database path with different value: C:\Users\rkdgu\.stmcufinder\plugins\mcufinder/ => C:\Users\rkdgu\.stmcufinder\plugins\mcufinder
2024-02-25 08:02:59,746 [INFO] ApiDb:250 - Set database path to: C:\Users\rkdgu\.stmcufinder\plugins\mcufinder//mcu/
2024-02-25 08:02:59,746 [WARN] DbFile:41 - Overriding database path with different value: C:\Users\rkdgu\.stmcufinder\plugins\mcufinder/ => C:\Users\rkdgu\.stmcufinder\plugins\mcufinder
2024-02-25 08:02:59,747 [INFO] DbMcusAds:125 - Set database path to: C:\Users\rkdgu\.stmcufinder\plugins\mcufinder//mcu/
2024-02-25 08:02:59,747 [WARN] DbFile:41 - Overriding database path with different value: C:\Users\rkdgu\.stmcufinder\plugins\mcufinder/ => C:\Users\rkdgu\.stmcufinder\plugins\mcufinder
2024-02-25 08:02:59,747 [WARN] DbFile:41 - Overriding database path with different value: C:\Users\rkdgu\.stmcufinder\plugins\mcufinder/ => C:\Users\rkdgu\.stmcufinder\plugins\mcufinder
2024-02-25 08:02:59,747 [INFO] CrossReferenceDbSqlite:203 - Set database path to: C:\Users\rkdgu\.stmcufinder\plugins\mcufinder//mcu/cs/
2024-02-25 08:02:59,763 [INFO] ApplicationProperties:184 - Using Application install path: C:\ST\STM32CubeIDE_1.14.0\STM32CubeIDE\plugins\com.st.stm32cube.common.mx_6.10.0.202311202037
2024-02-25 08:02:59,765 [INFO] PluginManage:196 - Search for loadable plugins [exclusion list=, ]
2024-02-25 08:02:59,766 [INFO] PluginManage:310 - Check plugin analytics
2024-02-25 08:02:59,904 [INFO] AnalyticsPlugin:253 - Accepted Software Licenses: STM32CubeMX.6.10.0
2024-02-25 08:02:59,904 [INFO] AnalyticsPlugin:255 - Accepted CMSIS Pack Licenses: 
2024-02-25 08:02:59,905 [INFO] AnalyticsPlugin:257 - Accepted Firmware Licenses: FW.H7.1.11.0
2024-02-25 08:02:59,907 [INFO] PluginManage:359 - Loaded plugin analytics (category:tool,tabindex:-1)
2024-02-25 08:02:59,908 [INFO] PluginManage:310 - Check plugin cadmodel
2024-02-25 08:02:59,923 [INFO] CADModel:105 - Init CAD model plugin
2024-02-25 08:02:59,923 [INFO] PluginManage:359 - Loaded plugin cadmodel (category:power,tabindex:5)
2024-02-25 08:02:59,923 [INFO] PluginManage:310 - Check plugin clock
2024-02-25 08:02:59,943 [INFO] PluginManage:359 - Loaded plugin clock (category:base,tabindex:2)
2024-02-25 08:02:59,944 [INFO] PluginManage:310 - Check plugin ddr
2024-02-25 08:02:59,946 [INFO] PluginManage:359 - Loaded plugin ddr (category:tool,tabindex:6)
2024-02-25 08:02:59,946 [INFO] PluginManage:310 - Check plugin filemanager
2024-02-25 08:03:00,092 [INFO] PluginManage:359 - Loaded plugin filemanager (category:base,tabindex:10)
2024-02-25 08:03:00,092 [INFO] PluginManage:310 - Check plugin ipmanager
2024-02-25 08:03:00,100 [INFO] PluginManage:359 - Loaded plugin ipmanager (category:base,tabindex:5)
2024-02-25 08:03:00,100 [INFO] PluginManage:310 - Check plugin lpbam
2024-02-25 08:03:00,118 [INFO] PluginManage:359 - Loaded plugin lpbam (category:base,tabindex:0)
2024-02-25 08:03:00,118 [INFO] PluginManage:310 - Check plugin memorymap
2024-02-25 08:03:00,142 [INFO] PluginManage:359 - Loaded plugin memorymap (category:base,tabindex:4)
2024-02-25 08:03:00,142 [INFO] PluginManage:310 - Check plugin pinoutandconfiguration
2024-02-25 08:03:00,158 [INFO] PluginManage:359 - Loaded plugin pinoutandconfiguration (category:base,tabindex:1)
2024-02-25 08:03:00,158 [INFO] PluginManage:310 - Check plugin pinoutconfig
2024-02-25 08:03:00,247 [WARN] SupportedApi:132 - Cannot load RTOS API schema: s4s-elt-must-match.1: The content of 'definitions' must match (annotation?, (simpleType | complexType)?, (unique | key | keyref)*)). A problem was found starting at: attribute.
2024-02-25 08:03:00,368 [INFO] PluginManage:359 - Loaded plugin pinoutconfig (category:base,tabindex:0)
2024-02-25 08:03:00,368 [INFO] PluginManage:310 - Check plugin power
2024-02-25 08:03:00,392 [INFO] PluginManage:359 - Loaded plugin power (category:power,tabindex:4)
2024-02-25 08:03:00,392 [INFO] PluginManage:310 - Check plugin projectmanager
2024-02-25 08:03:00,404 [INFO] PluginManage:359 - Loaded plugin projectmanager (category:projectmanager,tabindex:3)
2024-02-25 08:03:00,404 [INFO] PluginManage:310 - Check plugin thirdparty
2024-02-25 08:03:00,637 [INFO] PluginManage:359 - Loaded plugin thirdparty (category:base,tabindex:-1)
2024-02-25 08:03:00,637 [INFO] PluginManage:310 - Check plugin tools
2024-02-25 08:03:00,637 [WARN] IntegrityCheckThread:84 - waiting for thirdparty lock release [integrity check]
2024-02-25 08:03:00,637 [INFO] IntegrityCheckThread:86 - entering critical section [integrity check]
2024-02-25 08:03:00,637 [INFO] ThirdPartyUpdaterWithRetryManager:70 - Updater plugin not ready yet. [1/15]
2024-02-25 08:03:00,673 [INFO] PluginManage:359 - Loaded plugin tools (category:base,tabindex:7)
2024-02-25 08:03:00,673 [INFO] PluginManage:310 - Check plugin tutovideos
2024-02-25 08:03:00,832 [INFO] PluginManage:359 - Loaded plugin tutovideos (category:base,tabindex:-1)
2024-02-25 08:03:00,832 [INFO] PluginManage:310 - Check plugin updater
2024-02-25 08:03:00,842 [INFO] PluginManage:359 - Loaded plugin updater (category:base,tabindex:12)
2024-02-25 08:03:00,843 [INFO] PluginManage:310 - Check plugin userauth
2024-02-25 08:03:00,848 [INFO] UserAuth:114 - Init User Auth plugin
2024-02-25 08:03:00,848 [INFO] PluginManage:359 - Loaded plugin userauth (category:base,tabindex:14)
2024-02-25 08:03:00,848 [INFO] PluginManage:283 - PluginManage : Loaded plugins [17]
2024-02-25 08:03:01,024 [INFO] PinOutPanel:1499 - setPackage(No Configuration,No Configuration)
2024-02-25 08:03:01,084 [INFO] CADModel:165 - CPN selected for project level
2024-02-25 08:03:01,084 [INFO] CADModel:114 - Register for checkConnection events
2024-02-25 08:03:01,106 [INFO] IPUIPlugin:80 - create IPUIPlugin
2024-02-25 08:03:01,106 [INFO] PluginManager:220 - loadIPPluginJar : add adc
2024-02-25 08:03:01,133 [INFO] IPUIPlugin:80 - create IPUIPlugin
2024-02-25 08:03:01,134 [INFO] PluginManager:220 - loadIPPluginJar : add aes
2024-02-25 08:03:01,163 [INFO] IPUIPlugin:80 - create IPUIPlugin
2024-02-25 08:03:01,163 [INFO] PluginManager:220 - loadIPPluginJar : add can
2024-02-25 08:03:01,179 [INFO] IPUIPlugin:80 - create IPUIPlugin
2024-02-25 08:03:01,179 [INFO] PluginManager:220 - loadIPPluginJar : add comp
2024-02-25 08:03:01,202 [INFO] IPUIPlugin:80 - create IPUIPlugin
2024-02-25 08:03:01,203 [INFO] PluginManager:220 - loadIPPluginJar : add cryp
2024-02-25 08:03:01,222 [INFO] IPUIPlugin:80 - create IPUIPlugin
2024-02-25 08:03:01,222 [INFO] PluginManager:220 - loadIPPluginJar : add dfsdm
2024-02-25 08:03:01,236 [INFO] IPUIPlugin:80 - create IPUIPlugin
2024-02-25 08:03:01,236 [INFO] PluginManager:220 - loadIPPluginJar : add dma
2024-02-25 08:03:01,266 [INFO] IPUIPlugin:80 - create IPUIPlugin
2024-02-25 08:03:01,266 [INFO] PluginManager:220 - loadIPPluginJar : add dma3
2024-02-25 08:03:01,280 [INFO] IPUIPlugin:80 - create IPUIPlugin
2024-02-25 08:03:01,281 [INFO] PluginManager:220 - loadIPPluginJar : add fatfs
2024-02-25 08:03:01,318 [INFO] IPUIPlugin:80 - create IPUIPlugin
2024-02-25 08:03:01,318 [INFO] PluginManager:220 - loadIPPluginJar : add fmc
2024-02-25 08:03:01,331 [INFO] IPUIPlugin:80 - create IPUIPlugin
2024-02-25 08:03:01,331 [INFO] PluginManager:220 - loadIPPluginJar : add freertos
2024-02-25 08:03:01,347 [INFO] IPUIPlugin:80 - create IPUIPlugin
2024-02-25 08:03:01,348 [INFO] PluginManager:220 - loadIPPluginJar : add genericplugin
2024-02-25 08:03:01,412 [INFO] IPUIPlugin:80 - create IPUIPlugin
2024-02-25 08:03:01,412 [INFO] PluginManager:220 - loadIPPluginJar : add gfxmmu
2024-02-25 08:03:01,502 [INFO] IPUIPlugin:80 - create IPUIPlugin
2024-02-25 08:03:01,502 [INFO] PluginManager:220 - loadIPPluginJar : add gic
2024-02-25 08:03:01,519 [INFO] IPUIPlugin:80 - create IPUIPlugin
2024-02-25 08:03:01,519 [INFO] PluginManager:220 - loadIPPluginJar : add gpio
2024-02-25 08:03:01,583 [INFO] IPUIPlugin:80 - create IPUIPlugin
2024-02-25 08:03:01,583 [INFO] PluginManager:220 - loadIPPluginJar : add gtzc
2024-02-25 08:03:01,605 [INFO] IPUIPlugin:80 - create IPUIPlugin
2024-02-25 08:03:01,606 [INFO] PluginManager:220 - loadIPPluginJar : add hash
2024-02-25 08:03:01,642 [INFO] IPUIPlugin:80 - create IPUIPlugin
2024-02-25 08:03:01,642 [INFO] PluginManager:220 - loadIPPluginJar : add i2c
2024-02-25 08:03:01,670 [INFO] IPUIPlugin:80 - create IPUIPlugin
2024-02-25 08:03:01,670 [INFO] PluginManager:220 - loadIPPluginJar : add i2s
2024-02-25 08:03:01,699 [INFO] IPUIPlugin:80 - create IPUIPlugin
2024-02-25 08:03:01,699 [INFO] PluginManager:220 - loadIPPluginJar : add i3c
2024-02-25 08:03:01,777 [INFO] IPUIPlugin:80 - create IPUIPlugin
2024-02-25 08:03:01,777 [INFO] PluginManager:220 - loadIPPluginJar : add ipddr
2024-02-25 08:03:01,837 [INFO] IPUIPlugin:80 - create IPUIPlugin
2024-02-25 08:03:01,838 [INFO] PluginManager:220 - loadIPPluginJar : add linkedlist
2024-02-25 08:03:01,861 [INFO] IPUIPlugin:80 - create IPUIPlugin
2024-02-25 08:03:01,861 [INFO] PluginManager:220 - loadIPPluginJar : add lorawan
2024-02-25 08:03:01,886 [INFO] IPUIPlugin:80 - create IPUIPlugin
2024-02-25 08:03:01,886 [INFO] PluginManager:220 - loadIPPluginJar : add ltdc
2024-02-25 08:03:01,898 [INFO] IPUIPlugin:80 - create IPUIPlugin
2024-02-25 08:03:01,898 [INFO] PluginManager:220 - loadIPPluginJar : add mdma
2024-02-25 08:03:01,907 [INFO] IPUIPlugin:80 - create IPUIPlugin
2024-02-25 08:03:01,908 [INFO] PluginManager:220 - loadIPPluginJar : add nvic
2024-02-25 08:03:01,931 [INFO] IPUIPlugin:80 - create IPUIPlugin
2024-02-25 08:03:01,931 [INFO] PluginManager:220 - loadIPPluginJar : add opamp
2024-02-25 08:03:01,972 [INFO] IPUIPlugin:80 - create IPUIPlugin
2024-02-25 08:03:01,972 [INFO] PluginManager:220 - loadIPPluginJar : add openamp
2024-02-25 08:03:02,001 [INFO] IPUIPlugin:80 - create IPUIPlugin
2024-02-25 08:03:02,002 [INFO] PluginManager:220 - loadIPPluginJar : add pdm2pcm
2024-02-25 08:03:02,013 [INFO] IPUIPlugin:80 - create IPUIPlugin
2024-02-25 08:03:02,015 [INFO] PluginManager:220 - loadIPPluginJar : add plateformsettings
2024-02-25 08:03:02,030 [INFO] IPUIPlugin:80 - create IPUIPlugin
2024-02-25 08:03:02,031 [INFO] PluginManager:220 - loadIPPluginJar : add quadspi
2024-02-25 08:03:02,040 [INFO] IPUIPlugin:80 - create IPUIPlugin
2024-02-25 08:03:02,040 [INFO] PluginManager:220 - loadIPPluginJar : add resmgrutility
2024-02-25 08:03:02,075 [INFO] IPUIPlugin:80 - create IPUIPlugin
2024-02-25 08:03:02,075 [INFO] PluginManager:220 - loadIPPluginJar : add sai
2024-02-25 08:03:02,101 [INFO] IPUIPlugin:80 - create IPUIPlugin
2024-02-25 08:03:02,101 [INFO] PluginManager:220 - loadIPPluginJar : add spi
2024-02-25 08:03:02,151 [INFO] IPUIPlugin:80 - create IPUIPlugin
2024-02-25 08:03:02,151 [INFO] PluginManager:220 - loadIPPluginJar : add stm32_wpan
2024-02-25 08:03:02,167 [INFO] IPUIPlugin:80 - create IPUIPlugin
2024-02-25 08:03:02,167 [INFO] PluginManager:220 - loadIPPluginJar : add tim
2024-02-25 08:03:02,205 [INFO] IPUIPlugin:80 - create IPUIPlugin
2024-02-25 08:03:02,206 [INFO] PluginManager:220 - loadIPPluginJar : add touchsensing
2024-02-25 08:03:02,221 [INFO] IPUIPlugin:80 - create IPUIPlugin
2024-02-25 08:03:02,222 [INFO] PluginManager:220 - loadIPPluginJar : add tracer_emb
2024-02-25 08:03:02,237 [INFO] IPUIPlugin:80 - create IPUIPlugin
2024-02-25 08:03:02,237 [INFO] PluginManager:220 - loadIPPluginJar : add ts
2024-02-25 08:03:02,252 [INFO] IPUIPlugin:80 - create IPUIPlugin
2024-02-25 08:03:02,252 [INFO] PluginManager:220 - loadIPPluginJar : add tsc
2024-02-25 08:03:02,272 [INFO] IPUIPlugin:80 - create IPUIPlugin
2024-02-25 08:03:02,272 [INFO] PluginManager:220 - loadIPPluginJar : add ucpd
2024-02-25 08:03:02,303 [INFO] IPUIPlugin:80 - create IPUIPlugin
2024-02-25 08:03:02,303 [INFO] PluginManager:220 - loadIPPluginJar : add usart
2024-02-25 08:03:02,334 [INFO] IPUIPlugin:80 - create IPUIPlugin
2024-02-25 08:03:02,334 [INFO] PluginManager:220 - loadIPPluginJar : add usbx
2024-02-25 08:03:02,451 [INFO] CADModel:165 - CPN selected for project level
2024-02-25 08:03:02,451 [INFO] CADModel:114 - Register for checkConnection events
2024-02-25 08:03:02,451 [FATAL] Updater:308 - Updater called before beeing initialized
2024-02-25 08:03:02,451 [ERROR] CADModel:125 - Updater not yet initialized, retry later 
2024-02-25 08:03:02,566 [INFO] CADModel:165 - CPN selected for project level
2024-02-25 08:03:02,566 [INFO] CADModel:114 - Register for checkConnection events
2024-02-25 08:03:02,566 [FATAL] Updater:308 - Updater called before beeing initialized
2024-02-25 08:03:02,566 [ERROR] CADModel:125 - Updater not yet initialized, retry later 
2024-02-25 08:03:02,570 [FATAL] Updater:308 - Updater called before beeing initialized
2024-02-25 08:03:02,656 [FATAL] Updater:308 - Updater called before beeing initialized
2024-02-25 08:03:02,664 [INFO] DbMcusAds:53 - JSON generation date=Wed Nov 29 19:52:27 KST 2023 (1701255147349)
2024-02-25 08:03:02,664 [FATAL] Updater:308 - Updater called before beeing initialized
2024-02-25 08:03:02,731 [WARN] DetailPanel:346 - Failed to get advertising image, set to default
2024-02-25 08:03:02,809 [FATAL] Updater:308 - Updater called before beeing initialized
2024-02-25 08:03:02,811 [FATAL] Updater:308 - Updater called before beeing initialized
2024-02-25 08:03:02,811 [FATAL] Updater:308 - Updater called before beeing initialized
2024-02-25 08:03:02,811 [WARN] DetailPanel:346 - Failed to get advertising image, set to default
2024-02-25 08:03:02,811 [FATAL] Updater:308 - Updater called before beeing initialized
2024-02-25 08:03:02,857 [ERROR] Updater:1120 - MainUpdater not yet initialized. External WinMGr cannot be set.
2024-02-25 08:03:02,866 [INFO] Updater:1056 - Updater Version found : 6.10.0
2024-02-25 08:03:02,883 [INFO] ApplicationProperties:184 - Using Application install path: C:\ST\STM32CubeIDE_1.14.0\STM32CubeIDE\plugins\com.st.stm32cube.common.mx_6.10.0.202311202037
2024-02-25 08:03:03,638 [INFO] ThirdPartyUpdaterWithRetryManager:70 - Updater plugin not ready yet. [2/15]
2024-02-25 08:03:04,469 [ERROR] LogOutputStream:75 - [STDERR_REDIRECT] Feb 25, 2024 8:03:04 AM java.util.prefs.WindowsPreferences <init>
2024-02-25 08:03:04,470 [ERROR] LogOutputStream:75 - [STDERR_REDIRECT] WARNING: Could not open/create prefs root node Software\JavaSoft\Prefs at root 0xffffffff80000002. Windows RegCreateKeyEx(...) returned error code 5.
2024-02-25 08:03:04,470 [ERROR] LogOutputStream:75 - [STDERR_REDIRECT] 
2024-02-25 08:03:04,794 [INFO] MainUpdater:2873 - connection check result : 10
2024-02-25 08:03:04,795 [INFO] MainUpdater:290 - Updater Check For Update Now.
2024-02-25 08:03:04,795 [INFO] MicroXplorer:498 - Change Database Version : DB.6.0.100
2024-02-25 08:03:04,809 [INFO] McuFinderGlobals:63 - Set McuFinder mode to 2 (CubeIDE integrated)
2024-02-25 08:03:04,968 [INFO] CheckServerUpdateThread:120 - End of CheckServer Thread
2024-02-25 08:03:05,164 [INFO] UserAuth:404 - Internet connection configuration mode: 1
2024-02-25 08:03:05,183 [INFO] JxBrowserEngine:152 - Initiate JxBrowser Engine with user profile folder
2024-02-25 08:03:06,766 [WARN] PackLoader:240 - Cannot read IP mode file for STMicroelectronics.X-CUBE-SMBUS.2.1.0
2024-02-25 08:03:06,776 [WARN] PackLoader:240 - Cannot read IP mode file for STMicroelectronics.X-CUBE-TOUCHGFX.4.23.0
2024-02-25 08:03:06,803 [WARN] PackLoader:240 - Cannot read IP mode file for STMicroelectronics.X-CUBE-AZRTOS-F7.1.1.0
2024-02-25 08:03:06,818 [WARN] PackLoader:240 - Cannot read IP mode file for STMicroelectronics.FP-SNS-MOTENV1.4.3.2
2024-02-25 08:03:06,830 [WARN] PackLoader:240 - Cannot read IP mode file for STMicroelectronics.FP-SNS-FLIGHT1.5.0.2
2024-02-25 08:03:06,844 [WARN] PackLoader:240 - Cannot read IP mode file for STMicroelectronics.X-CUBE-DISPLAY.3.0.0
2024-02-25 08:03:06,860 [WARN] PackLoader:240 - Cannot read IP mode file for STMicroelectronics.X-CUBE-BLE1.7.0.0
2024-02-25 08:03:06,874 [WARN] PackLoader:240 - Cannot read IP mode file for emotas.I-CUBE-CANOPEN.1.3.0
2024-02-25 08:03:06,884 [WARN] PackLoader:240 - Cannot read IP mode file for STMicroelectronics.FP-SNS-SMARTAG2.1.2.0
2024-02-25 08:03:06,898 [INFO] LogOutputStream:77 - [STDOUT_REDIRECT] 1 : Invalid condition id : UX_CORESTACK_Condition cause : null
2024-02-25 08:03:06,899 [INFO] LogOutputStream:77 - [STDOUT_REDIRECT] 1 : Invalid condition id : UX_CORESTACK_Condition cause : null
2024-02-25 08:03:06,899 [INFO] LogOutputStream:77 - [STDOUT_REDIRECT] 1 : Invalid condition id : UX_CORESTACK_Condition cause : null
2024-02-25 08:03:06,900 [INFO] LogOutputStream:77 - [STDOUT_REDIRECT] 1 : Invalid condition id : UX_CORESTACK_Condition cause : null
2024-02-25 08:03:06,901 [INFO] LogOutputStream:77 - [STDOUT_REDIRECT] 1 : Invalid condition id : UX_CORESTACK_Condition cause : null
2024-02-25 08:03:06,903 [WARN] PackLoader:240 - Cannot read IP mode file for STMicroelectronics.X-CUBE-AZRTOS-WL.2.0.0
2024-02-25 08:03:06,914 [WARN] PackLoader:240 - Cannot read IP mode file for WES.I-CUBE-Cesium.1.3.0
2024-02-25 08:03:06,923 [WARN] PackLoader:240 - Cannot read IP mode file for STMicroelectronics.X-CUBE-BLE2.3.3.0
2024-02-25 08:03:06,933 [WARN] PackLoader:240 - Cannot read IP mode file for STMicroelectronics.X-CUBE-ALGOBUILD.1.3.0
2024-02-25 08:03:06,953 [WARN] PackLoader:240 - Cannot read IP mode file for STMicroelectronics.X-CUBE-AZRTOS-G0.1.1.0
2024-02-25 08:03:06,969 [WARN] PackLoader:240 - Cannot read IP mode file for STMicroelectronics.X-CUBE-NFC4.3.0.0
2024-02-25 08:03:06,984 [WARN] PackLoader:240 - Cannot read IP mode file for STMicroelectronics.X-CUBE-BLEMGR.3.0.0
2024-02-25 08:03:06,995 [WARN] PackLoader:240 - Cannot read IP mode file for STMicroelectronics.FP-ATR-SIGFOX1.3.2.0
2024-02-25 08:03:07,006 [WARN] PackLoader:240 - Cannot read IP mode file for STMicroelectronics.X-CUBE-EEPRMA1.5.1.0
2024-02-25 08:03:07,033 [WARN] PackLoader:240 - Cannot read IP mode file for SEGGER.I-CUBE-embOS.1.3.1
2024-02-25 08:03:07,064 [WARN] PackLoader:240 - Cannot read IP mode file for STMicroelectronics.X-CUBE-GNSS1.6.0.0
2024-02-25 08:03:07,116 [WARN] PackLoader:240 - Cannot read IP mode file for STMicroelectronics.X-CUBE-AZRTOS-F4.1.1.0
2024-02-25 08:03:07,127 [WARN] PackLoader:240 - Cannot read IP mode file for wolfSSL.I-CUBE-wolfSSL.5.6.6
2024-02-25 08:03:07,150 [WARN] PackLoader:240 - Cannot read IP mode file for STMicroelectronics.X-CUBE-AZRTOS-L5.2.0.0
2024-02-25 08:03:07,164 [WARN] PackLoader:240 - Cannot read IP mode file for STMicroelectronics.X-CUBE-EEPRMA1.4.2.0
2024-02-25 08:03:07,206 [WARN] PackLoader:240 - Cannot read IP mode file for ITTIA_DB.I-CUBE-ITTIADB.8.8.0
2024-02-25 08:03:07,245 [WARN] PackLoader:240 - Cannot read IP mode file for STMicroelectronics.X-CUBE-NFC7.1.0.1
2024-02-25 08:03:07,263 [WARN] PackLoader:240 - Cannot read IP mode file for STMicroelectronics.X-CUBE-NFC6.3.0.0
2024-02-25 08:03:07,276 [WARN] PackLoader:240 - Cannot read IP mode file for STMicroelectronics.X-CUBE-AI.8.1.0
2024-02-25 08:03:07,303 [WARN] ConditionMgr:438 - getConditionDescription Invalid condition id : LAN8742 Phy interface Condition cause : null
2024-02-25 08:03:07,303 [WARN] PackLoader:240 - Cannot read IP mode file for STMicroelectronics.X-CUBE-AZRTOS-L4.2.0.0
2024-02-25 08:03:07,304 [WARN] ConditionMgr:1039 - genDependencies : Invalid condition id : LAN8742 Phy interface Condition cause : null
2024-02-25 08:03:07,304 [WARN] ConditionMgr:1039 - genDependencies : Invalid condition id : LAN8742 Phy interface Condition cause : null
2024-02-25 08:03:07,304 [WARN] ConditionMgr:1039 - genDependencies : Invalid condition id : LAN8742 Phy interface Condition cause : null
2024-02-25 08:03:07,318 [WARN] PackLoader:240 - Cannot read IP mode file for STMicroelectronics.X-CUBE-SFXS2LP1.4.0.0
2024-02-25 08:03:07,338 [WARN] ConditionMgr:438 - getConditionDescription Invalid condition id : UX DEVICE CLASS RTOS Condition cause : null
2024-02-25 08:03:07,339 [WARN] ConditionMgr:438 - getConditionDescription Invalid condition id : UX DEVICE CLASS RTOS Condition cause : null
2024-02-25 08:03:07,340 [WARN] PackLoader:240 - Cannot read IP mode file for STMicroelectronics.X-CUBE-AZRTOS-WB.2.0.0
2024-02-25 08:03:07,341 [WARN] ConditionMgr:1039 - genDependencies : Invalid condition id : UX DEVICE CLASS RTOS Condition cause : null
2024-02-25 08:03:07,341 [WARN] ConditionMgr:1039 - genDependencies : Invalid condition id : UX DEVICE CLASS RTOS Condition cause : null
2024-02-25 08:03:07,341 [WARN] ConditionMgr:1039 - genDependencies : Invalid condition id : UX DEVICE CLASS RTOS Condition cause : null
2024-02-25 08:03:07,342 [WARN] ConditionMgr:1039 - genDependencies : Invalid condition id : UX DEVICE CLASS RTOS Condition cause : null
2024-02-25 08:03:07,342 [WARN] ConditionMgr:1039 - genDependencies : Invalid condition id : UX DEVICE CLASS RTOS Condition cause : null
2024-02-25 08:03:07,366 [WARN] PackLoader:240 - Cannot read IP mode file for STMicroelectronics.X-CUBE-SUBG2.5.0.0
2024-02-25 08:03:07,405 [WARN] PackLoader:240 - Cannot read IP mode file for STMicroelectronics.X-CUBE-AZRTOS-G4.2.0.0
2024-02-25 08:03:07,432 [WARN] PackLoader:240 - Cannot read IP mode file for Infineon.AIROC-Wi-Fi-Bluetooth-STM32.1.5.1
2024-02-25 08:03:07,450 [WARN] PackLoader:240 - Cannot read IP mode file for STMicroelectronics.FP-SNS-MOTENVWB1.1.3.1
2024-02-25 08:03:07,463 [WARN] PackLoader:240 - Cannot read IP mode file for STMicroelectronics.X-CUBE-ISPU.2.0.0
2024-02-25 08:03:07,509 [WARN] PackLoader:240 - Cannot read IP mode file for STMicroelectronics.X-CUBE-MEMS1.10.0.0
2024-02-25 08:03:07,596 [WARN] PackLoader:240 - Cannot read IP mode file for STMicroelectronics.X-CUBE-FREERTOS.1.1.0
2024-02-25 08:03:07,600 [INFO] WebApp:161 - Instantiating new browser for Auth
2024-02-25 08:03:07,612 [WARN] PackLoader:240 - Cannot read IP mode file for portGmbH.I-Cube-SoM-uGOAL.1.1.0
2024-02-25 08:03:07,630 [WARN] PackLoader:240 - Cannot read IP mode file for STMicroelectronics.X-CUBE-ALS.1.0.1
2024-02-25 08:03:07,648 [WARN] PackLoader:240 - Cannot read IP mode file for STMicroelectronics.FP-ATR-ASTRA1.2.0.0
2024-02-25 08:03:07,673 [WARN] PackLoader:240 - Cannot read IP mode file for STMicroelectronics.X-CUBE-TOF1.3.4.0
2024-02-25 08:03:07,720 [WARN] PackLoader:240 - Cannot read IP mode file for STMicroelectronics.X-CUBE-AZRTOS-H7.3.2.0
2024-02-25 08:03:07,723 [INFO] ThirdParty:978 - Integrity check success = true
2024-02-25 08:03:07,723 [INFO] IntegrityCheckThread:100 - exiting critical section [integrity check]
2024-02-25 08:03:07,723 [INFO] IntegrityCheckThread:103 - End integrity checks thread
2024-02-25 08:03:08,237 [INFO] WebApp:780 - Register for checkConnection events
2024-02-25 08:03:08,237 [INFO] WebApp:414 - Apply proxy settings
2024-02-25 08:03:08,238 [INFO] WebApp:499 - Chromium requires no authentication
2024-02-25 08:03:08,244 [INFO] WebApp:442 - Direct internet connection detected
2024-02-25 08:03:08,384 [INFO] WebApp:192 - Starting web application
2024-02-25 08:03:08,386 [INFO] WebApp:544 - Web application path used C:\ST\STM32CubeIDE_1.14.0\STM32CubeIDE\plugins\com.st.stm32cube.common.mx_6.10.0.202311202037\db\plugins\mcufinder\reactClient1\index.html
2024-02-25 08:03:29,074 [ERROR] LogOutputStream:75 - [STDERR_REDIRECT] SLF4J: Failed to load class "org.slf4j.impl.StaticLoggerBinder".
2024-02-25 08:03:29,075 [ERROR] LogOutputStream:75 - [STDERR_REDIRECT] SLF4J: Defaulting to no-operation (NOP) logger implementation
2024-02-25 08:03:29,077 [ERROR] LogOutputStream:75 - [STDERR_REDIRECT] SLF4J: See http://www.slf4j.org/codes.html#StaticLoggerBinder for further details.
